<?xml version="1.0" encoding="UTF-8"?>
<!-- Generated by org.testng.reporters.JUnitXMLReporter -->
<testsuite ignored="0" hostname="LAPTOP-EOPMK1NG" failures="0" tests="15" name="Test" time="310.972" errors="0" timestamp="2023-03-02T11:12:31 IST">
  <testcase classname="WebMathAutomation.HomePage" name="homePage" time="30.062"/>
  <testcase classname="WebMathAutomation.ConvertKmToMiles" name="convertKmtoMiles" time="6.38"/>
  <testcase classname="WebMathAutomation.VisitBack" name="visitBack" time="7.304"/>
  <testcase classname="WebMathAutomation.HelpTyping" name="helpTyping" time="4.896"/>
  <testcase classname="WebMathAutomation.SalesPrice" name="salesPrice" time="9.823"/>
  <testcase classname="WebMathAutomation.TipCalculator" name="tipCalculator" time="5.939"/>
  <testcase classname="WebMathAutomation.ElectricityCost" name="electricyCost" time="7.424"/>
  <testcase classname="WebMathAutomation.Login" name="login" time="19.782"/>
  <testcase classname="WebMathAutomation.CodingPage" name="codingPage" time="17.358"/>
  <testcase classname="WebMathAutomation.News" name="news" time="16.366"/>
  <testcase classname="WebMathAutomation.CountCoins" name="countCoins" time="7.638"/>
  <testcase classname="WebMathAutomation.AreaConversion" name="areaConversion" time="8.182"/>
  <testcase classname="WebMathAutomation.PowerConversion" name="powerConversion" time="8.622"/>
  <testcase classname="WebMathAutomation.VolumeConversion" name="volumeConversion" time="8.727"/>
  <testcase classname="WebMathAutomation.Planet" name="planet" time="7.616"/>
</testsuite> <!-- Test -->
