<?xml version="1.0" encoding="UTF-8"?>
<testng-results ignored="0" total="15" passed="15" failed="0" skipped="0">
  <reporter-output>
  </reporter-output>
  <suite started-at="2023-03-02T11:07:20 IST" name="Suite" finished-at="2023-03-02T11:12:31 IST" duration-ms="310972">
    <groups>
    </groups>
    <test started-at="2023-03-02T11:07:20 IST" name="Test" finished-at="2023-03-02T11:12:31 IST" duration-ms="310972">
      <class name="WebMathAutomation.HelpTyping">
        <test-method is-config="true" signature="beforeMethod()[pri:0, instance:WebMathAutomation.HelpTyping@1cf6d1be]" started-at="2023-03-02T11:08:38 IST" name="beforeMethod" finished-at="2023-03-02T11:08:47 IST" duration-ms="8368" status="PASS">
          <reporter-output>
          </reporter-output>
        </test-method> <!-- beforeMethod -->
        <test-method signature="helpTyping()[pri:0, instance:WebMathAutomation.HelpTyping@1cf6d1be]" started-at="2023-03-02T11:08:47 IST" name="helpTyping" finished-at="2023-03-02T11:08:52 IST" duration-ms="4896" status="PASS">
          <reporter-output>
          </reporter-output>
        </test-method> <!-- helpTyping -->
        <test-method is-config="true" signature="afterMethod()[pri:0, instance:WebMathAutomation.HelpTyping@1cf6d1be]" started-at="2023-03-02T11:08:52 IST" name="afterMethod" finished-at="2023-03-02T11:08:52 IST" duration-ms="222" status="PASS">
          <reporter-output>
          </reporter-output>
        </test-method> <!-- afterMethod -->
      </class> <!-- WebMathAutomation.HelpTyping -->
      <class name="WebMathAutomation.VolumeConversion">
        <test-method is-config="true" signature="beforeMethod()[pri:0, instance:WebMathAutomation.VolumeConversion@4b013c76]" started-at="2023-03-02T11:11:59 IST" name="beforeMethod" finished-at="2023-03-02T11:12:07 IST" duration-ms="7454" status="PASS">
          <reporter-output>
          </reporter-output>
        </test-method> <!-- beforeMethod -->
        <test-method signature="volumeConversion()[pri:0, instance:WebMathAutomation.VolumeConversion@4b013c76]" started-at="2023-03-02T11:12:07 IST" name="volumeConversion" finished-at="2023-03-02T11:12:15 IST" duration-ms="8727" status="PASS">
          <reporter-output>
          </reporter-output>
        </test-method> <!-- volumeConversion -->
        <test-method is-config="true" signature="afterMethod()[pri:0, instance:WebMathAutomation.VolumeConversion@4b013c76]" started-at="2023-03-02T11:12:15 IST" name="afterMethod" finished-at="2023-03-02T11:12:16 IST" duration-ms="170" status="PASS">
          <reporter-output>
          </reporter-output>
        </test-method> <!-- afterMethod -->
      </class> <!-- WebMathAutomation.VolumeConversion -->
      <class name="WebMathAutomation.PowerConversion">
        <test-method is-config="true" signature="beforeMethod()[pri:0, instance:WebMathAutomation.PowerConversion@548d708a]" started-at="2023-03-02T11:11:43 IST" name="beforeMethod" finished-at="2023-03-02T11:11:50 IST" duration-ms="7030" status="PASS">
          <reporter-output>
          </reporter-output>
        </test-method> <!-- beforeMethod -->
        <test-method signature="powerConversion()[pri:0, instance:WebMathAutomation.PowerConversion@548d708a]" started-at="2023-03-02T11:11:50 IST" name="powerConversion" finished-at="2023-03-02T11:11:59 IST" duration-ms="8622" status="PASS">
          <reporter-output>
          </reporter-output>
        </test-method> <!-- powerConversion -->
        <test-method is-config="true" signature="afterMethod()[pri:0, instance:WebMathAutomation.PowerConversion@548d708a]" started-at="2023-03-02T11:11:59 IST" name="afterMethod" finished-at="2023-03-02T11:11:59 IST" duration-ms="265" status="PASS">
          <reporter-output>
          </reporter-output>
        </test-method> <!-- afterMethod -->
      </class> <!-- WebMathAutomation.PowerConversion -->
      <class name="WebMathAutomation.HomePage">
        <test-method is-config="true" signature="beforeMethod()[pri:0, instance:WebMathAutomation.HomePage@738dc9b]" started-at="2023-03-02T11:07:20 IST" name="beforeMethod" finished-at="2023-03-02T11:07:23 IST" duration-ms="3494" status="PASS">
          <reporter-output>
          </reporter-output>
        </test-method> <!-- beforeMethod -->
        <test-method signature="homePage()[pri:0, instance:WebMathAutomation.HomePage@738dc9b]" started-at="2023-03-02T11:07:23 IST" name="homePage" finished-at="2023-03-02T11:07:53 IST" duration-ms="30062" status="PASS">
          <reporter-output>
          </reporter-output>
        </test-method> <!-- homePage -->
        <test-method is-config="true" signature="afterMethod()[pri:0, instance:WebMathAutomation.HomePage@738dc9b]" started-at="2023-03-02T11:07:53 IST" name="afterMethod" finished-at="2023-03-02T11:07:54 IST" duration-ms="572" status="PASS">
          <reporter-output>
          </reporter-output>
        </test-method> <!-- afterMethod -->
      </class> <!-- WebMathAutomation.HomePage -->
      <class name="WebMathAutomation.ConvertKmToMiles">
        <test-method is-config="true" signature="beforeMethod()[pri:0, instance:WebMathAutomation.ConvertKmToMiles@7161d8d1]" started-at="2023-03-02T11:07:54 IST" name="beforeMethod" finished-at="2023-03-02T11:08:07 IST" duration-ms="12754" status="PASS">
          <reporter-output>
          </reporter-output>
        </test-method> <!-- beforeMethod -->
        <test-method signature="convertKmtoMiles()[pri:0, instance:WebMathAutomation.ConvertKmToMiles@7161d8d1]" started-at="2023-03-02T11:08:07 IST" name="convertKmtoMiles" finished-at="2023-03-02T11:08:13 IST" duration-ms="6380" status="PASS">
          <reporter-output>
          </reporter-output>
        </test-method> <!-- convertKmtoMiles -->
        <test-method is-config="true" signature="afterMethod()[pri:0, instance:WebMathAutomation.ConvertKmToMiles@7161d8d1]" started-at="2023-03-02T11:08:13 IST" name="afterMethod" finished-at="2023-03-02T11:08:15 IST" duration-ms="2089" status="PASS">
          <reporter-output>
          </reporter-output>
        </test-method> <!-- afterMethod -->
      </class> <!-- WebMathAutomation.ConvertKmToMiles -->
      <class name="WebMathAutomation.News">
        <test-method is-config="true" signature="beforeMethod()[pri:0, instance:WebMathAutomation.News@6bbe85a8]" started-at="2023-03-02T11:10:46 IST" name="beforeMethod" finished-at="2023-03-02T11:10:54 IST" duration-ms="8266" status="PASS">
          <reporter-output>
          </reporter-output>
        </test-method> <!-- beforeMethod -->
        <test-method signature="news()[pri:0, instance:WebMathAutomation.News@6bbe85a8]" started-at="2023-03-02T11:10:54 IST" name="news" finished-at="2023-03-02T11:11:10 IST" duration-ms="16366" status="PASS">
          <reporter-output>
          </reporter-output>
        </test-method> <!-- news -->
        <test-method is-config="true" signature="afterMethod()[pri:0, instance:WebMathAutomation.News@6bbe85a8]" started-at="2023-03-02T11:11:10 IST" name="afterMethod" finished-at="2023-03-02T11:11:10 IST" duration-ms="147" status="PASS">
          <reporter-output>
          </reporter-output>
        </test-method> <!-- afterMethod -->
      </class> <!-- WebMathAutomation.News -->
      <class name="WebMathAutomation.Planet">
        <test-method is-config="true" signature="beforeMethod()[pri:0, instance:WebMathAutomation.Planet@53fb3dab]" started-at="2023-03-02T11:12:16 IST" name="beforeMethod" finished-at="2023-03-02T11:12:23 IST" duration-ms="7486" status="PASS">
          <reporter-output>
          </reporter-output>
        </test-method> <!-- beforeMethod -->
        <test-method signature="planet()[pri:0, instance:WebMathAutomation.Planet@53fb3dab]" started-at="2023-03-02T11:12:23 IST" name="planet" finished-at="2023-03-02T11:12:31 IST" duration-ms="7616" status="PASS">
          <reporter-output>
          </reporter-output>
        </test-method> <!-- planet -->
        <test-method is-config="true" signature="afterMethod()[pri:0, instance:WebMathAutomation.Planet@53fb3dab]" started-at="2023-03-02T11:12:31 IST" name="afterMethod" finished-at="2023-03-02T11:12:31 IST" duration-ms="133" status="PASS">
          <reporter-output>
          </reporter-output>
        </test-method> <!-- afterMethod -->
      </class> <!-- WebMathAutomation.Planet -->
      <class name="WebMathAutomation.SalesPrice">
        <test-method is-config="true" signature="beforeMethod()[pri:0, instance:WebMathAutomation.SalesPrice@663c9e7a]" started-at="2023-03-02T11:08:52 IST" name="beforeMethod" finished-at="2023-03-02T11:09:05 IST" duration-ms="12744" status="PASS">
          <reporter-output>
          </reporter-output>
        </test-method> <!-- beforeMethod -->
        <test-method signature="salesPrice()[pri:0, instance:WebMathAutomation.SalesPrice@663c9e7a]" started-at="2023-03-02T11:09:05 IST" name="salesPrice" finished-at="2023-03-02T11:09:14 IST" duration-ms="9823" status="PASS">
          <reporter-output>
          </reporter-output>
        </test-method> <!-- salesPrice -->
        <test-method is-config="true" signature="afterMethod()[pri:0, instance:WebMathAutomation.SalesPrice@663c9e7a]" started-at="2023-03-02T11:09:14 IST" name="afterMethod" finished-at="2023-03-02T11:09:17 IST" duration-ms="2316" status="PASS">
          <reporter-output>
          </reporter-output>
        </test-method> <!-- afterMethod -->
      </class> <!-- WebMathAutomation.SalesPrice -->
      <class name="WebMathAutomation.Login">
        <test-method is-config="true" signature="beforeMethod()[pri:0, instance:WebMathAutomation.Login@53045c6c]" started-at="2023-03-02T11:09:53 IST" name="beforeMethod" finished-at="2023-03-02T11:10:00 IST" duration-ms="7231" status="PASS">
          <reporter-output>
          </reporter-output>
        </test-method> <!-- beforeMethod -->
        <test-method signature="login()[pri:0, instance:WebMathAutomation.Login@53045c6c]" started-at="2023-03-02T11:10:00 IST" name="login" finished-at="2023-03-02T11:10:20 IST" duration-ms="19782" status="PASS">
          <reporter-output>
          </reporter-output>
        </test-method> <!-- login -->
        <test-method is-config="true" signature="afterMethod()[pri:0, instance:WebMathAutomation.Login@53045c6c]" started-at="2023-03-02T11:10:20 IST" name="afterMethod" finished-at="2023-03-02T11:10:20 IST" duration-ms="513" status="PASS">
          <reporter-output>
          </reporter-output>
        </test-method> <!-- afterMethod -->
      </class> <!-- WebMathAutomation.Login -->
      <class name="WebMathAutomation.AreaConversion">
        <test-method is-config="true" signature="beforeMethod()[pri:0, instance:WebMathAutomation.AreaConversion@4be29ed9]" started-at="2023-03-02T11:11:26 IST" name="beforeMethod" finished-at="2023-03-02T11:11:35 IST" duration-ms="8701" status="PASS">
          <reporter-output>
          </reporter-output>
        </test-method> <!-- beforeMethod -->
        <test-method signature="areaConversion()[pri:0, instance:WebMathAutomation.AreaConversion@4be29ed9]" started-at="2023-03-02T11:11:35 IST" name="areaConversion" finished-at="2023-03-02T11:11:43 IST" duration-ms="8182" status="PASS">
          <reporter-output>
          </reporter-output>
        </test-method> <!-- areaConversion -->
        <test-method is-config="true" signature="afterMethod()[pri:0, instance:WebMathAutomation.AreaConversion@4be29ed9]" started-at="2023-03-02T11:11:43 IST" name="afterMethod" finished-at="2023-03-02T11:11:43 IST" duration-ms="453" status="PASS">
          <reporter-output>
          </reporter-output>
        </test-method> <!-- afterMethod -->
      </class> <!-- WebMathAutomation.AreaConversion -->
      <class name="WebMathAutomation.CodingPage">
        <test-method is-config="true" signature="beforeMethod()[pri:0, instance:WebMathAutomation.CodingPage@5149d738]" started-at="2023-03-02T11:10:20 IST" name="beforeMethod" finished-at="2023-03-02T11:10:28 IST" duration-ms="7730" status="PASS">
          <reporter-output>
          </reporter-output>
        </test-method> <!-- beforeMethod -->
        <test-method signature="codingPage()[pri:0, instance:WebMathAutomation.CodingPage@5149d738]" started-at="2023-03-02T11:10:28 IST" name="codingPage" finished-at="2023-03-02T11:10:45 IST" duration-ms="17358" status="PASS">
          <reporter-output>
          </reporter-output>
        </test-method> <!-- codingPage -->
        <test-method is-config="true" signature="afterMethod()[pri:0, instance:WebMathAutomation.CodingPage@5149d738]" started-at="2023-03-02T11:10:45 IST" name="afterMethod" finished-at="2023-03-02T11:10:46 IST" duration-ms="405" status="PASS">
          <reporter-output>
          </reporter-output>
        </test-method> <!-- afterMethod -->
      </class> <!-- WebMathAutomation.CodingPage -->
      <class name="WebMathAutomation.VisitBack">
        <test-method is-config="true" signature="beforeMethod()[pri:0, instance:WebMathAutomation.VisitBack@74e28667]" started-at="2023-03-02T11:08:15 IST" name="beforeMethod" finished-at="2023-03-02T11:08:29 IST" duration-ms="13534" status="PASS">
          <reporter-output>
          </reporter-output>
        </test-method> <!-- beforeMethod -->
        <test-method signature="visitBack()[pri:0, instance:WebMathAutomation.VisitBack@74e28667]" started-at="2023-03-02T11:08:29 IST" name="visitBack" finished-at="2023-03-02T11:08:36 IST" duration-ms="7304" status="PASS">
          <reporter-output>
          </reporter-output>
        </test-method> <!-- visitBack -->
        <test-method is-config="true" signature="afterMethod()[pri:0, instance:WebMathAutomation.VisitBack@74e28667]" started-at="2023-03-02T11:08:36 IST" name="afterMethod" finished-at="2023-03-02T11:08:38 IST" duration-ms="2286" status="PASS">
          <reporter-output>
          </reporter-output>
        </test-method> <!-- afterMethod -->
      </class> <!-- WebMathAutomation.VisitBack -->
      <class name="WebMathAutomation.ElectricityCost">
        <test-method is-config="true" signature="beforeMethod()[pri:0, instance:WebMathAutomation.ElectricityCost@795509d9]" started-at="2023-03-02T11:09:36 IST" name="beforeMethod" finished-at="2023-03-02T11:09:45 IST" duration-ms="8663" status="PASS">
          <reporter-output>
          </reporter-output>
        </test-method> <!-- beforeMethod -->
        <test-method signature="electricyCost()[pri:0, instance:WebMathAutomation.ElectricityCost@795509d9]" started-at="2023-03-02T11:09:45 IST" name="electricyCost" finished-at="2023-03-02T11:09:52 IST" duration-ms="7424" status="PASS">
          <reporter-output>
          </reporter-output>
        </test-method> <!-- electricyCost -->
        <test-method is-config="true" signature="afterMethod()[pri:0, instance:WebMathAutomation.ElectricityCost@795509d9]" started-at="2023-03-02T11:09:52 IST" name="afterMethod" finished-at="2023-03-02T11:09:53 IST" duration-ms="126" status="PASS">
          <reporter-output>
          </reporter-output>
        </test-method> <!-- afterMethod -->
      </class> <!-- WebMathAutomation.ElectricityCost -->
      <class name="WebMathAutomation.TipCalculator">
        <test-method is-config="true" signature="beforeMethod()[pri:0, instance:WebMathAutomation.TipCalculator@19e4653c]" started-at="2023-03-02T11:09:17 IST" name="beforeMethod" finished-at="2023-03-02T11:09:28 IST" duration-ms="11178" status="PASS">
          <reporter-output>
          </reporter-output>
        </test-method> <!-- beforeMethod -->
        <test-method signature="tipCalculator()[pri:0, instance:WebMathAutomation.TipCalculator@19e4653c]" started-at="2023-03-02T11:09:28 IST" name="tipCalculator" finished-at="2023-03-02T11:09:34 IST" duration-ms="5939" status="PASS">
          <reporter-output>
          </reporter-output>
        </test-method> <!-- tipCalculator -->
        <test-method is-config="true" signature="afterMethod()[pri:0, instance:WebMathAutomation.TipCalculator@19e4653c]" started-at="2023-03-02T11:09:34 IST" name="afterMethod" finished-at="2023-03-02T11:09:36 IST" duration-ms="2419" status="PASS">
          <reporter-output>
          </reporter-output>
        </test-method> <!-- afterMethod -->
      </class> <!-- WebMathAutomation.TipCalculator -->
      <class name="WebMathAutomation.CountCoins">
        <test-method is-config="true" signature="beforeMethod()[pri:0, instance:WebMathAutomation.CountCoins@3a7442c7]" started-at="2023-03-02T11:11:10 IST" name="beforeMethod" finished-at="2023-03-02T11:11:18 IST" duration-ms="7764" status="PASS">
          <reporter-output>
          </reporter-output>
        </test-method> <!-- beforeMethod -->
        <test-method signature="countCoins()[pri:0, instance:WebMathAutomation.CountCoins@3a7442c7]" started-at="2023-03-02T11:11:18 IST" name="countCoins" finished-at="2023-03-02T11:11:26 IST" duration-ms="7638" status="PASS">
          <reporter-output>
          </reporter-output>
        </test-method> <!-- countCoins -->
        <test-method is-config="true" signature="afterMethod()[pri:0, instance:WebMathAutomation.CountCoins@3a7442c7]" started-at="2023-03-02T11:11:26 IST" name="afterMethod" finished-at="2023-03-02T11:11:26 IST" duration-ms="171" status="PASS">
          <reporter-output>
          </reporter-output>
        </test-method> <!-- afterMethod -->
      </class> <!-- WebMathAutomation.CountCoins -->
    </test> <!-- Test -->
  </suite> <!-- Suite -->
</testng-results>
